MPASM  5.51                           4_2.ASM   5-23-2018  11:40:43         PAGE  1


LOC  OBJECT CODE     LINE SOURCE TEXT
  VALUE

                      00001         LIST    P=PIC16F84A
                      00002         INCLUDE "P16F84A.INC"
                      00001         LIST
                      00002 
                      00003 ;==========================================================================
                      00004 ;  MPASM PIC16F84A processor include
                      00005 ; 
                      00006 ;  (c) Copyright 1999-2013 Microchip Technology, All rights reserved
                      00007 ;==========================================================================
                      00008 
                      00208         LIST
                      00003         
2007   3FFA           00004         __CONFIG        _HS_OSC &_WDT_OFF
                      00005 
  0000000C            00006 CNT1    EQU     0CH
  0000000D            00007 CNT2    EQU     0DH
  0000000E            00008 CNT3    EQU     0EH
                      00009 
0000                  00010         ORG     0H
0000                  00011 INIT
0000   1683           00012         BSF     STATUS, RP0
Message[302]: Register in operand not in bank 0.  Ensure that bank bits are correct.
0001   0186           00013         CLRF    TRISB
0002   1283           00014         BCF     STATUS, RP0
0003   1003           00015         BCF     STATUS, C
0004   30C0           00016         MOVLW   b'11000000'
0005   0086           00017         MOVWF   PORTB
0006                  00018 LOOP
0006   2020           00019         CALL    TIME125M
0007   0C06           00020         RRF     PORTB, W
0008   1803           00021         BTFSC   STATUS, C
0009   200C           00022         CALL    STEP
000A   0086           00023         MOVWF   PORTB
000B   2806           00024         GOTO    LOOP
000C                  00025 STEP
000C   1003           00026         BCF     STATUS, C
Message[305]: Using default destination of 1 (file).
000D   0886           00027         MOVF    PORTB
000E   3880           00028         IORLW   b'10000000'
000F   0086           00029         MOVWF   PORTB
0010   0008           00030         RETURN
                      00031 
0011                  00032 TIME100U
0011   30A5           00033         MOVLW   0A5H
0012   008C           00034         MOVWF   CNT1
0013   0000           00035         NOP
0014   0000           00036         NOP
0015                  00037 LOOP100U
0015   0B8C           00038         DECFSZ  CNT1, F
0016   2815           00039         GOTO    LOOP100U
0017   0008           00040         RETURN
                      00041 
0018                  00042 TIME5M
MPASM  5.51                           4_2.ASM   5-23-2018  11:40:43         PAGE  2


LOC  OBJECT CODE     LINE SOURCE TEXT
  VALUE

0018   3031           00043         MOVLW   031H    ;49
0019   008D           00044         MOVWF   CNT2    
001A                  00045 LOOP5M
001A   2011           00046         CALL    TIME100U
001B   0000           00047         NOP
001C   0000           00048         NOP
001D   0B8D           00049         DECFSZ  CNT2, F
001E   281A           00050         GOTO    LOOP5M  
001F   0008           00051         RETURN  
                      00052         
0020                  00053 TIME125M
0020   3019           00054         MOVLW   019H    ;25
0021   008E           00055         MOVWF   CNT3
0022                  00056 LOOP125M
0022   2018           00057         CALL    TIME5M
0023   0B8E           00058         DECFSZ  CNT3, F
0024   2822           00059         GOTO    LOOP125M
0025   0008           00060         RETURN
                      00061         
                      00062         END
MPASM  5.51                           4_2.ASM   5-23-2018  11:40:43         PAGE  3


SYMBOL TABLE
  LABEL                             VALUE 

C                                 00000000
CNT1                              0000000C
CNT2                              0000000D
CNT3                              0000000E
DC                                00000001
EEADR                             00000009
EECON1                            00000088
EECON2                            00000089
EEDATA                            00000008
EEIE                              00000006
EEIF                              00000004
F                                 00000001
FSR                               00000004
GIE                               00000007
INDF                              00000000
INIT                              00000000
INTCON                            0000000B
INTE                              00000004
INTEDG                            00000006
INTF                              00000001
IRP                               00000007
LOOP                              00000006
LOOP100U                          00000015
LOOP125M                          00000022
LOOP5M                            0000001A
NOT_PD                            00000003
NOT_RBPU                          00000007
NOT_TO                            00000004
OPTION_REG                        00000081
PCL                               00000002
PCLATH                            0000000A
PORTA                             00000005
PORTB                             00000006
PS0                               00000000
PS1                               00000001
PS2                               00000002
PSA                               00000003
RA0                               00000000
RA1                               00000001
RA2                               00000002
RA3                               00000003
RA4                               00000004
RB0                               00000000
RB1                               00000001
RB2                               00000002
RB3                               00000003
RB4                               00000004
RB5                               00000005
RB6                               00000006
RB7                               00000007
RBIE                              00000003
RBIF                              00000000
RD                                00000000
MPASM  5.51                           4_2.ASM   5-23-2018  11:40:43         PAGE  4


SYMBOL TABLE
  LABEL                             VALUE 

RP0                               00000005
RP1                               00000006
STATUS                            00000003
STEP                              0000000C
T0CS                              00000005
T0IE                              00000005
T0IF                              00000002
T0SE                              00000004
TIME100U                          00000011
TIME125M                          00000020
TIME5M                            00000018
TMR0                              00000001
TMR0IE                            00000005
TMR0IF                            00000002
TRISA                             00000085
TRISA0                            00000000
TRISA1                            00000001
TRISA2                            00000002
TRISA3                            00000003
TRISA4                            00000004
TRISB                             00000086
TRISB0                            00000000
TRISB1                            00000001
TRISB2                            00000002
TRISB3                            00000003
TRISB4                            00000004
TRISB5                            00000005
TRISB6                            00000006
TRISB7                            00000007
W                                 00000000
WR                                00000001
WREN                              00000002
WRERR                             00000003
Z                                 00000002
_CONFIG                           00002007
_CP_OFF                           00003FFF
_CP_ON                            0000000F
_DEVID1                           00002006
_FOSC_EXTRC                       00003FFF
_FOSC_HS                          00003FFE
_FOSC_LP                          00003FFC
_FOSC_XT                          00003FFD
_HS_OSC                           00003FFE
_IDLOC0                           00002000
_IDLOC1                           00002001
_IDLOC2                           00002002
_IDLOC3                           00002003
_LP_OSC                           00003FFC
_PWRTE_OFF                        00003FFF
_PWRTE_ON                         00003FF7
_RC_OSC                           00003FFF
_WDTE_OFF                         00003FFB
_WDTE_ON                          00003FFF
MPASM  5.51                           4_2.ASM   5-23-2018  11:40:43         PAGE  5


SYMBOL TABLE
  LABEL                             VALUE 

_WDT_OFF                          00003FFB
_WDT_ON                           00003FFF
_XT_OSC                           00003FFD
__16F84A                          00000001


MEMORY USAGE MAP ('X' = Used,  '-' = Unused)

0000 : XXXXXXXXXXXXXXXX XXXXXXXXXXXXXXXX XXXXXX---------- ----------------
2000 : -------X-------- ---------------- ---------------- ----------------

All other memory blocks unused.

Program Memory Words Used:    38
Program Memory Words Free:   986


Errors   :     0
Warnings :     0 reported,     0 suppressed
Messages :     2 reported,     0 suppressed

