MPASM  5.51                           4_3.ASM   6-3-2018  21:14:41         PAGE  1


LOC  OBJECT CODE     LINE SOURCE TEXT
  VALUE

                      00001         LIST    P=PIC16F84A
                      00002         INCLUDE "P16F84A.INC"
                      00001         LIST
                      00002 
                      00003 ;==========================================================================
                      00004 ;  MPASM PIC16F84A processor include
                      00005 ; 
                      00006 ;  (c) Copyright 1999-2013 Microchip Technology, All rights reserved
                      00007 ;==========================================================================
                      00008 
                      00208         LIST
                      00003         
2007   3FFA           00004         __CONFIG        _HS_OSC &_WDT_OFF
                      00005 ;timer counter 
  0000000C            00006 CNT1    EQU     0CH
  0000000D            00007 CNT2    EQU     0DH
  0000000E            00008 CNT3    EQU     0EH
                      00009 ;output data set
  0000001C            00010 LA1     EQU     1CH             
  0000001D            00011 LA2     EQU     1DH
  0000002C            00012 LB1     EQU     2CH
  0000002D            00013 LB2     EQU     2DH
                      00014 ;flag set
  0000001E            00015 LAF     EQU     1EH
  0000001F            00016 LBF     EQU     1FH
                      00017 
0000                  00018         ORG     0H
0000                  00019 INIT    
0000   1683           00020         BSF     STATUS, RP0
Message[302]: Register in operand not in bank 0.  Ensure that bank bits are correct.
0001   0186           00021         CLRF    TRISB
Message[302]: Register in operand not in bank 0.  Ensure that bank bits are correct.
0002   0185           00022         CLRF    TRISA
0003   1283           00023         BCF     STATUS, RP0
0004   1003           00024         BCF     STATUS, C
0005   3080           00025         MOVLW   b'10000000'
0006   0086           00026         MOVWF   PORTB
0007   0185           00027         CLRF    PORTA
0008   009C           00028         MOVWF   LA1
0009   019D           00029         CLRF    LA2
000A   00AC           00030         MOVWF   LB1
000B   01AD           00031         CLRF    LB2
000C   019E           00032         CLRF    LAF
000D   019F           00033         CLRF    LBF
000E                  00034 MAINLOOP
000E   204A           00035         CALL    TIME50M
000F   201D           00036         CALL    LIGHT_A
0010   2016           00037         CALL    OUTPUTS
0011   204A           00038         CALL    TIME50M
0012   2035           00039         CALL    LIGHT_B
0013   201D           00040         CALL    LIGHT_A
0014   2016           00041         CALL    OUTPUTS
0015   280E           00042         GOTO    MAINLOOP
MPASM  5.51                           4_3.ASM   6-3-2018  21:14:41         PAGE  2


LOC  OBJECT CODE     LINE SOURCE TEXT
  VALUE

0016                  00043 OUTPUTS
0016   081C           00044         MOVF    LA1, W
0017   042C           00045         IORWF   LB1, W
0018   0086           00046         MOVWF   PORTB
0019   081D           00047         MOVF    LA2, W
001A   042D           00048         IORWF   LB2, W
001B   0085           00049         MOVWF   PORTA
001C   0008           00050         RETURN
001D                  00051 LIGHT_A
001D   1C1E           00052         BTFSS   LAF, 000H
001E   2022           00053         CALL    RSH
001F   181E           00054         BTFSC   LAF, 000H
0020   202A           00055         CALL    LSH
0021   0008           00056         RETURN  
0022                  00057 RSH
0022   0C9C           00058         RRF     LA1, F
0023   1803           00059         BTFSC   STATUS, C
0024   151D           00060         BSF     LA2, 002H
0025   1003           00061         BCF     STATUS, C
0026   0C9D           00062         RRF     LA2, F
0027   1803           00063         BTFSC   STATUS, C
Message[305]: Using default destination of 1 (file).
0028   099E           00064         COMF    LAF
0029   0008           00065         RETURN
002A                  00066 LSH
002A   0D9D           00067         RLF     LA2, F
002B   191D           00068         BTFSC   LA2, 002H
002C   1403           00069         BSF     STATUS, C
002D   111D           00070         BCF     LA2, 002H
002E   0D9C           00071         RLF     LA1, F
002F   1803           00072         BTFSC   STATUS, C
0030   2032           00073         CALL    LSHR
0031   0008           00074         RETURN
0032                  00075 LSHR
Message[305]: Using default destination of 1 (file).
0032   099E           00076         COMF    LAF
0033   0C9C           00077         RRF     LA1, F
0034   0008           00078         RETURN
0035                  00079 LIGHT_B
0035   0CAD           00080         RRF     LB2, F
0036   0CAC           00081         RRF     LB1, F
0037   1803           00082         BTFSC   STATUS, C
0038   14AD           00083         BSF     LB2, 001H
0039   1003           00084         BCF     STATUS, C
003A   0008           00085         RETURN
003B                  00086 SKIP
                      00087         
                      00088 ;software loop counter
003B                  00089 TIME100U
003B   30A5           00090         MOVLW   0A5H
003C   008C           00091         MOVWF   CNT1
003D   0000           00092         NOP
003E   0000           00093         NOP
MPASM  5.51                           4_3.ASM   6-3-2018  21:14:41         PAGE  3


LOC  OBJECT CODE     LINE SOURCE TEXT
  VALUE

003F                  00094 LOOP1
003F   0B8C           00095         DECFSZ  CNT1, F
0040   283F           00096         GOTO    LOOP1
0041   0008           00097         RETURN
                      00098 
0042                  00099 TIME10M
0042   3063           00100         MOVLW   063H
0043   008D           00101         MOVWF   CNT2
0044   0000           00102         NOP
0045   0000           00103         NOP
0046                  00104 LOOP2
0046   203B           00105         CALL    TIME100U
0047   0B8D           00106         DECFSZ  CNT2, F
0048   2846           00107         GOTO    LOOP2
0049   0008           00108         RETURN
                      00109 
004A                  00110 TIME50M
004A   3005           00111         MOVLW   005H
004B   008E           00112         MOVWF   CNT3
004C                  00113 LOOP3
004C   2042           00114         CALL    TIME10M
004D   0B8E           00115         DECFSZ  CNT3, F
004E   284C           00116         GOTO    LOOP3
004F   0008           00117         RETURN
                      00118 
                      00119         END
MPASM  5.51                           4_3.ASM   6-3-2018  21:14:41         PAGE  4


SYMBOL TABLE
  LABEL                             VALUE 

C                                 00000000
CNT1                              0000000C
CNT2                              0000000D
CNT3                              0000000E
DC                                00000001
EEADR                             00000009
EECON1                            00000088
EECON2                            00000089
EEDATA                            00000008
EEIE                              00000006
EEIF                              00000004
F                                 00000001
FSR                               00000004
GIE                               00000007
INDF                              00000000
INIT                              00000000
INTCON                            0000000B
INTE                              00000004
INTEDG                            00000006
INTF                              00000001
IRP                               00000007
LA1                               0000001C
LA2                               0000001D
LAF                               0000001E
LB1                               0000002C
LB2                               0000002D
LBF                               0000001F
LIGHT_A                           0000001D
LIGHT_B                           00000035
LOOP1                             0000003F
LOOP2                             00000046
LOOP3                             0000004C
LSH                               0000002A
LSHR                              00000032
MAINLOOP                          0000000E
NOT_PD                            00000003
NOT_RBPU                          00000007
NOT_TO                            00000004
OPTION_REG                        00000081
OUTPUTS                           00000016
PCL                               00000002
PCLATH                            0000000A
PORTA                             00000005
PORTB                             00000006
PS0                               00000000
PS1                               00000001
PS2                               00000002
PSA                               00000003
RA0                               00000000
RA1                               00000001
RA2                               00000002
RA3                               00000003
RA4                               00000004
MPASM  5.51                           4_3.ASM   6-3-2018  21:14:41         PAGE  5


SYMBOL TABLE
  LABEL                             VALUE 

RB0                               00000000
RB1                               00000001
RB2                               00000002
RB3                               00000003
RB4                               00000004
RB5                               00000005
RB6                               00000006
RB7                               00000007
RBIE                              00000003
RBIF                              00000000
RD                                00000000
RP0                               00000005
RP1                               00000006
RSH                               00000022
SKIP                              0000003B
STATUS                            00000003
T0CS                              00000005
T0IE                              00000005
T0IF                              00000002
T0SE                              00000004
TIME100U                          0000003B
TIME10M                           00000042
TIME50M                           0000004A
TMR0                              00000001
TMR0IE                            00000005
TMR0IF                            00000002
TRISA                             00000085
TRISA0                            00000000
TRISA1                            00000001
TRISA2                            00000002
TRISA3                            00000003
TRISA4                            00000004
TRISB                             00000086
TRISB0                            00000000
TRISB1                            00000001
TRISB2                            00000002
TRISB3                            00000003
TRISB4                            00000004
TRISB5                            00000005
TRISB6                            00000006
TRISB7                            00000007
W                                 00000000
WR                                00000001
WREN                              00000002
WRERR                             00000003
Z                                 00000002
_CONFIG                           00002007
_CP_OFF                           00003FFF
_CP_ON                            0000000F
_DEVID1                           00002006
_FOSC_EXTRC                       00003FFF
_FOSC_HS                          00003FFE
_FOSC_LP                          00003FFC
MPASM  5.51                           4_3.ASM   6-3-2018  21:14:41         PAGE  6


SYMBOL TABLE
  LABEL                             VALUE 

_FOSC_XT                          00003FFD
_HS_OSC                           00003FFE
_IDLOC0                           00002000
_IDLOC1                           00002001
_IDLOC2                           00002002
_IDLOC3                           00002003
_LP_OSC                           00003FFC
_PWRTE_OFF                        00003FFF
_PWRTE_ON                         00003FF7
_RC_OSC                           00003FFF
_WDTE_OFF                         00003FFB
_WDTE_ON                          00003FFF
_WDT_OFF                          00003FFB
_WDT_ON                           00003FFF
_XT_OSC                           00003FFD
__16F84A                          00000001


MEMORY USAGE MAP ('X' = Used,  '-' = Unused)

0000 : XXXXXXXXXXXXXXXX XXXXXXXXXXXXXXXX XXXXXXXXXXXXXXXX XXXXXXXXXXXXXXXX
0040 : XXXXXXXXXXXXXXXX ---------------- ---------------- ----------------
2000 : -------X-------- ---------------- ---------------- ----------------

All other memory blocks unused.

Program Memory Words Used:    80
Program Memory Words Free:   944


Errors   :     0
Warnings :     0 reported,     0 suppressed
Messages :     4 reported,     0 suppressed

