MPASM  5.51                           5_1.ASM   6-19-2018  10:17:10         PAGE  1


LOC  OBJECT CODE     LINE SOURCE TEXT
  VALUE

                      00001         LIST    P=PIC16F84A
                      00002         INCLUDE "P16F84A.INC"
                      00001         LIST
                      00002 
                      00003 ;==========================================================================
                      00004 ;  MPASM PIC16F84A processor include
                      00005 ; 
                      00006 ;  (c) Copyright 1999-2013 Microchip Technology, All rights reserved
                      00007 ;==========================================================================
                      00008 
                      00208         LIST
2007   3FFA           00003         __CONFIG        _HS_OSC &_WDT_OFF
                      00004 
  0000000C            00005 TEMPO   EQU     0CH     
                      00006 
  0000001C            00007 CNT1    EQU     1CH
  0000002C            00008 CNT2    EQU     2CH
  0000003C            00009 CNT3    EQU     3CH
                      00010 
0000                  00011         ORG 0H
0000   2805           00012         GOTO    INIT
0004                  00013         ORG 4H
0004   280C           00014         GOTO    ENDNOTE
0005                  00015 INIT
0005   168B           00016         BSF     INTCON, T0IE
0006   178B           00017         BSF     INTCON, GIE
0007   1683           00018         BSF     STATUS, RP0
Message[302]: Register in operand not in bank 0.  Ensure that bank bits are correct.
0008   1486           00019         BSF     TRISB, b'00000001'
0009   1283           00020         BCF     STATUS, RP0
000A   1003           00021         BCF     STATUS, C       
000B                  00022 MELODY
                      00023         
000B   280B           00024         GOTO    MELODY
                      00025 
                      00026 
000C                  00027 A4      
000C                  00028 B4      
000C                  00029 C4      
000C                  00030 D4      
000C                  00031 E4      
000C                  00032 F4      
000C                  00033 G4      
                      00034 
000C                  00035 ENDNOTE 
                      00036         
000C   0009           00037         RETFIE
                      00038         END
MPASM  5.51                           5_1.ASM   6-19-2018  10:17:10         PAGE  2


SYMBOL TABLE
  LABEL                             VALUE 

A4                                0000000C
B4                                0000000C
C                                 00000000
C4                                0000000C
CNT1                              0000001C
CNT2                              0000002C
CNT3                              0000003C
D4                                0000000C
DC                                00000001
E4                                0000000C
EEADR                             00000009
EECON1                            00000088
EECON2                            00000089
EEDATA                            00000008
EEIE                              00000006
EEIF                              00000004
ENDNOTE                           0000000C
F                                 00000001
F4                                0000000C
FSR                               00000004
G4                                0000000C
GIE                               00000007
INDF                              00000000
INIT                              00000005
INTCON                            0000000B
INTE                              00000004
INTEDG                            00000006
INTF                              00000001
IRP                               00000007
MELODY                            0000000B
NOT_PD                            00000003
NOT_RBPU                          00000007
NOT_TO                            00000004
OPTION_REG                        00000081
PCL                               00000002
PCLATH                            0000000A
PORTA                             00000005
PORTB                             00000006
PS0                               00000000
PS1                               00000001
PS2                               00000002
PSA                               00000003
RA0                               00000000
RA1                               00000001
RA2                               00000002
RA3                               00000003
RA4                               00000004
RB0                               00000000
RB1                               00000001
RB2                               00000002
RB3                               00000003
RB4                               00000004
RB5                               00000005
MPASM  5.51                           5_1.ASM   6-19-2018  10:17:10         PAGE  3


SYMBOL TABLE
  LABEL                             VALUE 

RB6                               00000006
RB7                               00000007
RBIE                              00000003
RBIF                              00000000
RD                                00000000
RP0                               00000005
RP1                               00000006
STATUS                            00000003
T0CS                              00000005
T0IE                              00000005
T0IF                              00000002
T0SE                              00000004
TEMPO                             0000000C
TMR0                              00000001
TMR0IE                            00000005
TMR0IF                            00000002
TRISA                             00000085
TRISA0                            00000000
TRISA1                            00000001
TRISA2                            00000002
TRISA3                            00000003
TRISA4                            00000004
TRISB                             00000086
TRISB0                            00000000
TRISB1                            00000001
TRISB2                            00000002
TRISB3                            00000003
TRISB4                            00000004
TRISB5                            00000005
TRISB6                            00000006
TRISB7                            00000007
W                                 00000000
WR                                00000001
WREN                              00000002
WRERR                             00000003
Z                                 00000002
_CONFIG                           00002007
_CP_OFF                           00003FFF
_CP_ON                            0000000F
_DEVID1                           00002006
_FOSC_EXTRC                       00003FFF
_FOSC_HS                          00003FFE
_FOSC_LP                          00003FFC
_FOSC_XT                          00003FFD
_HS_OSC                           00003FFE
_IDLOC0                           00002000
_IDLOC1                           00002001
_IDLOC2                           00002002
_IDLOC3                           00002003
_LP_OSC                           00003FFC
_PWRTE_OFF                        00003FFF
_PWRTE_ON                         00003FF7
_RC_OSC                           00003FFF
MPASM  5.51                           5_1.ASM   6-19-2018  10:17:10         PAGE  4


SYMBOL TABLE
  LABEL                             VALUE 

_WDTE_OFF                         00003FFB
_WDTE_ON                          00003FFF
_WDT_OFF                          00003FFB
_WDT_ON                           00003FFF
_XT_OSC                           00003FFD
__16F84A                          00000001


MEMORY USAGE MAP ('X' = Used,  '-' = Unused)

0000 : X---XXXXXXXXX--- ---------------- ---------------- ----------------
2000 : -------X-------- ---------------- ---------------- ----------------

All other memory blocks unused.

Program Memory Words Used:    10
Program Memory Words Free:  1014


Errors   :     0
Warnings :     0 reported,     0 suppressed
Messages :     1 reported,     0 suppressed

