Warning[205] C:\CODE\ASSEMBLER\CLASS\6_2_.ASM 1 : Found directive in column 1. (LIST)
Error[124]   C:\CODE\ASSEMBLER\CLASS\6_2_.ASM 1 : Illegal argument (P-PIC16F84Ailistdirectivetodefineprocessor)
Error[105]   C:\CODE\ASSEMBLER\CLASS\6_2_.ASM 2 : Cannot open file (Include File "<P 16F84A INC>, processor specific variable definitions.ASM" not found)
Error[108]   C:\CODE\ASSEMBLER\CLASS\6_2_.ASM 3 : Illegal character ([)
Error[122]   C:\CODE\ASSEMBLER\CLASS\6_2_.ASM 4 : Illegal opcode (TEMP)
Error[122]   C:\CODE\ASSEMBLER\CLASS\6_2_.ASM 5 : Illegal opcode (TEMP)
Warning[205] C:\CODE\ASSEMBLER\CLASS\6_2_.ASM 9 : Found directive in column 1. (EQU)
Error[111]   C:\CODE\ASSEMBLER\CLASS\6_2_.ASM 9 : Missing symbol
Warning[205] C:\CODE\ASSEMBLER\CLASS\6_2_.ASM 10 : Found directive in column 1. (EQU)
Error[111]   C:\CODE\ASSEMBLER\CLASS\6_2_.ASM 10 : Missing symbol
Warning[205] C:\CODE\ASSEMBLER\CLASS\6_2_.ASM 11 : Found directive in column 1. (EQU)
Error[111]   C:\CODE\ASSEMBLER\CLASS\6_2_.ASM 11 : Missing symbol
Warning[205] C:\CODE\ASSEMBLER\CLASS\6_2_.ASM 13 : Found directive in column 1. (EQU)
Error[111]   C:\CODE\ASSEMBLER\CLASS\6_2_.ASM 13 : Missing symbol
Warning[205] C:\CODE\ASSEMBLER\CLASS\6_2_.ASM 14 : Found directive in column 1. (ORG)
Error[113]   C:\CODE\ASSEMBLER\CLASS\6_2_.ASM 14 : Symbol not previously defined (OH)
Error[113]   C:\CODE\ASSEMBLER\CLASS\6_2_.ASM 14 : Symbol not previously defined (OH)
Warning[203] C:\CODE\ASSEMBLER\CLASS\6_2_.ASM 15 : Found opcode in column 1. (GOTO)
Error[113]   C:\CODE\ASSEMBLER\CLASS\6_2_.ASM 15 : Symbol not previously defined (MAIN)
Warning[203] C:\CODE\ASSEMBLER\CLASS\6_2_.ASM 18 : Found opcode in column 1. (MOVWF)
Error[113]   C:\CODE\ASSEMBLER\CLASS\6_2_.ASM 18 : Symbol not previously defined (W_TEMP)
Warning[203] C:\CODE\ASSEMBLER\CLASS\6_2_.ASM 19 : Found opcode in column 1. (MOVF)
Error[113]   C:\CODE\ASSEMBLER\CLASS\6_2_.ASM 19 : Symbol not previously defined (STATUS)
Warning[203] C:\CODE\ASSEMBLER\CLASS\6_2_.ASM 20 : Found opcode in column 1. (MOVWF)
Error[113]   C:\CODE\ASSEMBLER\CLASS\6_2_.ASM 20 : Symbol not previously defined (STATUS_TEMP)
Warning[203] C:\CODE\ASSEMBLER\CLASS\6_2_.ASM 21 : Found opcode in column 1. (MOVF)
Error[113]   C:\CODE\ASSEMBLER\CLASS\6_2_.ASM 21 : Symbol not previously defined (PORTB)
Warning[203] C:\CODE\ASSEMBLER\CLASS\6_2_.ASM 22 : Found opcode in column 1. (MOVWF)
Warning[205] C:\CODE\ASSEMBLER\CLASS\6_2_.ASM 23 : Found directive in column 1. (If)
Error[113]   C:\CODE\ASSEMBLER\CLASS\6_2_.ASM 23 : Symbol not previously defined (RB51)
Warning[212] C:\CODE\ASSEMBLER\CLASS\6_2_.ASM 93 : Expected (ENDIF)
