Warning[205] C:\CODE\ASSEMBLER\CLASS\6_2_1.ASM 4 : Found directive in column 1. (__CONFIG)
Warning[205] C:\CODE\ASSEMBLER\CLASS\6_2_1.ASM 12 : Found directive in column 1. (ORG)
Warning[203] C:\CODE\ASSEMBLER\CLASS\6_2_1.ASM 13 : Found opcode in column 1. (GOTO)
Warning[205] C:\CODE\ASSEMBLER\CLASS\6_2_1.ASM 15 : Found directive in column 1. (ORG)
Warning[203] C:\CODE\ASSEMBLER\CLASS\6_2_1.ASM 18 : Found opcode in column 1. (MOVWF)
Warning[203] C:\CODE\ASSEMBLER\CLASS\6_2_1.ASM 19 : Found opcode in column 1. (MOVF)
Warning[203] C:\CODE\ASSEMBLER\CLASS\6_2_1.ASM 20 : Found opcode in column 1. (MOVWF)
Warning[203] C:\CODE\ASSEMBLER\CLASS\6_2_1.ASM 22 : Found opcode in column 1. (MOVF)
Warning[203] C:\CODE\ASSEMBLER\CLASS\6_2_1.ASM 23 : Found opcode in column 1. (MOVWF)
Warning[203] C:\CODE\ASSEMBLER\CLASS\6_2_1.ASM 25 : Found opcode in column 1. (BTFSC)
Warning[203] C:\CODE\ASSEMBLER\CLASS\6_2_1.ASM 26 : Found opcode in column 1. (COMF)
Warning[203] C:\CODE\ASSEMBLER\CLASS\6_2_1.ASM 27 : Found opcode in column 1. (BTFSC)
Warning[203] C:\CODE\ASSEMBLER\CLASS\6_2_1.ASM 28 : Found opcode in column 1. (COMF)
Warning[203] C:\CODE\ASSEMBLER\CLASS\6_2_1.ASM 31 : Found opcode in column 1. (MOVF)
Warning[203] C:\CODE\ASSEMBLER\CLASS\6_2_1.ASM 32 : Found opcode in column 1. (MOVWF)
Warning[203] C:\CODE\ASSEMBLER\CLASS\6_2_1.ASM 33 : Found opcode in column 1. (SWAPF)
Warning[203] C:\CODE\ASSEMBLER\CLASS\6_2_1.ASM 34 : Found opcode in column 1. (SWAPF)
Warning[203] C:\CODE\ASSEMBLER\CLASS\6_2_1.ASM 35 : Found opcode in column 1. (BCF)
Warning[203] C:\CODE\ASSEMBLER\CLASS\6_2_1.ASM 37 : Found opcode in column 1. (RETFIE)
Warning[203] C:\CODE\ASSEMBLER\CLASS\6_2_1.ASM 40 : Found opcode in column 1. (BCF)
Warning[203] C:\CODE\ASSEMBLER\CLASS\6_2_1.ASM 41 : Found opcode in column 1. (BSF)
Warning[203] C:\CODE\ASSEMBLER\CLASS\6_2_1.ASM 42 : Found opcode in column 1. (CLRF)
Message[302] C:\CODE\ASSEMBLER\CLASS\6_2_1.ASM 42 : Register in operand not in bank 0.  Ensure that bank bits are correct.
Warning[203] C:\CODE\ASSEMBLER\CLASS\6_2_1.ASM 43 : Found opcode in column 1. (MOVLW)
Warning[203] C:\CODE\ASSEMBLER\CLASS\6_2_1.ASM 44 : Found opcode in column 1. (MOVWF)
Message[302] C:\CODE\ASSEMBLER\CLASS\6_2_1.ASM 44 : Register in operand not in bank 0.  Ensure that bank bits are correct.
Warning[203] C:\CODE\ASSEMBLER\CLASS\6_2_1.ASM 45 : Found opcode in column 1. (BCF)
Warning[203] C:\CODE\ASSEMBLER\CLASS\6_2_1.ASM 46 : Found opcode in column 1. (CLRF)
Warning[203] C:\CODE\ASSEMBLER\CLASS\6_2_1.ASM 47 : Found opcode in column 1. (CLRF)
Warning[203] C:\CODE\ASSEMBLER\CLASS\6_2_1.ASM 48 : Found opcode in column 1. (CLRF)
Warning[203] C:\CODE\ASSEMBLER\CLASS\6_2_1.ASM 49 : Found opcode in column 1. (CLRF)
Warning[203] C:\CODE\ASSEMBLER\CLASS\6_2_1.ASM 50 : Found opcode in column 1. (BSF)
Warning[203] C:\CODE\ASSEMBLER\CLASS\6_2_1.ASM 51 : Found opcode in column 1. (BSF)
Warning[203] C:\CODE\ASSEMBLER\CLASS\6_2_1.ASM 52 : Found opcode in column 1. (BCF)
Warning[203] C:\CODE\ASSEMBLER\CLASS\6_2_1.ASM 55 : Found opcode in column 1. (BTFSC)
Warning[203] C:\CODE\ASSEMBLER\CLASS\6_2_1.ASM 56 : Found opcode in column 1. (BSF)
Warning[203] C:\CODE\ASSEMBLER\CLASS\6_2_1.ASM 57 : Found opcode in column 1. (BTFSS)
Warning[203] C:\CODE\ASSEMBLER\CLASS\6_2_1.ASM 58 : Found opcode in column 1. (BCF)
Warning[203] C:\CODE\ASSEMBLER\CLASS\6_2_1.ASM 60 : Found opcode in column 1. (BTFSC)
Warning[203] C:\CODE\ASSEMBLER\CLASS\6_2_1.ASM 61 : Found opcode in column 1. (BSF)
Warning[203] C:\CODE\ASSEMBLER\CLASS\6_2_1.ASM 62 : Found opcode in column 1. (BTFSS)
Warning[203] C:\CODE\ASSEMBLER\CLASS\6_2_1.ASM 63 : Found opcode in column 1. (BCF)
Warning[204] C:\CODE\ASSEMBLER\CLASS\6_2_1.ASM 65 : Found pseudo-op in column 1. (MOVFW)
Warning[203] C:\CODE\ASSEMBLER\CLASS\6_2_1.ASM 66 : Found opcode in column 1. (MOVWF)
Warning[203] C:\CODE\ASSEMBLER\CLASS\6_2_1.ASM 67 : Found opcode in column 1. (GOTO)
Warning[205] C:\CODE\ASSEMBLER\CLASS\6_2_1.ASM 69 : Found directive in column 1. (END)
