MPASM  5.51                         6_2_1.ASM   6-27-2018  9:16:01         PAGE  1


LOC  OBJECT CODE     LINE SOURCE TEXT
  VALUE

                      00001   LIST P=PIC16F84A
                      00002 #INCLUDE <P16F84A.INC>
                      00001         LIST
                      00002 
                      00003 ;==========================================================================
                      00004 ;  MPASM PIC16F84A processor include
                      00005 ; 
                      00006 ;  (c) Copyright 1999-2013 Microchip Technology, All rights reserved
                      00007 ;==========================================================================
                      00008 
                      00208         LIST
                      00003 
Warning[205]: Found directive in column 1. (__CONFIG)
2007   3FF2           00004 __CONFIG _HS_OSC & _WDT_OFF & _PWRTE_ON
                      00005 
  0000000C            00006 W_TEMP EQU 0CH
  0000000D            00007 STATUS_TEMP EQU 0DH 
  0000000E            00008 TMP EQU 0EH
  0000000F            00009 FLG1 EQU 0FH
  00000010            00010 FLG2 EQU 10H
                      00011 
Warning[205]: Found directive in column 1. (ORG)
0000                  00012 ORG 0H
Warning[203]: Found opcode in column 1. (GOTO)
0000   2813           00013 GOTO MAIN
                      00014 
Warning[205]: Found directive in column 1. (ORG)
0004                  00015 ORG 04H
                      00016 
                      00017 ;PUSH
Warning[203]: Found opcode in column 1. (MOVWF)
0004   008C           00018 MOVWF W_TEMP
Warning[203]: Found opcode in column 1. (MOVF)
0005   0803           00019 MOVF STATUS, W
Warning[203]: Found opcode in column 1. (MOVWF)
0006   008D           00020 MOVWF STATUS_TEMP
                      00021 
Warning[203]: Found opcode in column 1. (MOVF)
0007   0806           00022 MOVF PORTB, W
Warning[203]: Found opcode in column 1. (MOVWF)
0008   008E           00023 MOVWF TMP
                      00024 
Warning[203]: Found opcode in column 1. (BTFSC)
0009   1A8E           00025 BTFSC TMP, 5
Warning[203]: Found opcode in column 1. (COMF)
000A   0990           00026 COMF FLG2, F
Warning[203]: Found opcode in column 1. (BTFSC)
000B   1A0E           00027 BTFSC TMP, 4
Warning[203]: Found opcode in column 1. (COMF)
000C   098F           00028 COMF FLG1, F 
                      00029 
                      00030 ;POP 
Warning[203]: Found opcode in column 1. (MOVF)
MPASM  5.51                         6_2_1.ASM   6-27-2018  9:16:01         PAGE  2


LOC  OBJECT CODE     LINE SOURCE TEXT
  VALUE

000D   080D           00031 MOVF STATUS_TEMP, W
Warning[203]: Found opcode in column 1. (MOVWF)
000E   0083           00032 MOVWF STATUS
Warning[203]: Found opcode in column 1. (SWAPF)
000F   0E8C           00033 SWAPF W_TEMP, F
Warning[203]: Found opcode in column 1. (SWAPF)
0010   0E0C           00034 SWAPF W_TEMP, W
Warning[203]: Found opcode in column 1. (BCF)
0011   100B           00035 BCF INTCON, RBIF
                      00036 
Warning[203]: Found opcode in column 1. (RETFIE)
0012   0009           00037 RETFIE
                      00038 
0013                  00039 MAIN
Warning[203]: Found opcode in column 1. (BCF)
0013   138B           00040 BCF INTCON, GIE
Warning[203]: Found opcode in column 1. (BSF)
0014   1683           00041 BSF STATUS, RP0
Warning[203]: Found opcode in column 1. (CLRF)
Message[302]: Register in operand not in bank 0.  Ensure that bank bits are correct.
0015   0185           00042 CLRF TRISA
Warning[203]: Found opcode in column 1. (MOVLW)
0016   3030           00043 MOVLW 030H
Warning[203]: Found opcode in column 1. (MOVWF)
Message[302]: Register in operand not in bank 0.  Ensure that bank bits are correct.
0017   0086           00044 MOVWF TRISB
Warning[203]: Found opcode in column 1. (BCF)
0018   1283           00045 BCF STATUS, RP0
Warning[203]: Found opcode in column 1. (CLRF)
0019   0185           00046 CLRF PORTA
Warning[203]: Found opcode in column 1. (CLRF)
001A   018F           00047 CLRF FLG1
Warning[203]: Found opcode in column 1. (CLRF)
001B   0190           00048 CLRF FLG2
Warning[203]: Found opcode in column 1. (CLRF)
001C   018E           00049 CLRF TMP
Warning[203]: Found opcode in column 1. (BSF)
001D   158B           00050 BSF INTCON, RBIE
Warning[203]: Found opcode in column 1. (BSF)
001E   178B           00051 BSF INTCON, GIE
Warning[203]: Found opcode in column 1. (BCF)
001F   100B           00052 BCF INTCON, RBIF
                      00053 
0020                  00054 LOOP
Warning[203]: Found opcode in column 1. (BTFSC)
0020   180F           00055 BTFSC FLG1, 0
Warning[203]: Found opcode in column 1. (BSF)
0021   140E           00056 BSF TMP, 0
Warning[203]: Found opcode in column 1. (BTFSS)
0022   1C0F           00057 BTFSS FLG1, 0
Warning[203]: Found opcode in column 1. (BCF)
0023   100E           00058 BCF TMP, 0
                      00059 
MPASM  5.51                         6_2_1.ASM   6-27-2018  9:16:01         PAGE  3


LOC  OBJECT CODE     LINE SOURCE TEXT
  VALUE

Warning[203]: Found opcode in column 1. (BTFSC)
0024   1810           00060 BTFSC FLG2, 0
Warning[203]: Found opcode in column 1. (BSF)
0025   148E           00061 BSF TMP, 1
Warning[203]: Found opcode in column 1. (BTFSS)
0026   1C10           00062 BTFSS FLG2, 0
Warning[203]: Found opcode in column 1. (BCF)
0027   108E           00063 BCF TMP, 1
                      00064 
Warning[204]: Found pseudo-op in column 1. (MOVFW)
0028   080E           00065 MOVFW TMP
Warning[203]: Found opcode in column 1. (MOVWF)
0029   0085           00066 MOVWF PORTA
Warning[203]: Found opcode in column 1. (GOTO)
002A   2820           00067 GOTO LOOP
                      00068 
Warning[205]: Found directive in column 1. (END)
                      00069 END
MPASM  5.51                         6_2_1.ASM   6-27-2018  9:16:01         PAGE  4


SYMBOL TABLE
  LABEL                             VALUE 

C                                 00000000
DC                                00000001
EEADR                             00000009
EECON1                            00000088
EECON2                            00000089
EEDATA                            00000008
EEIE                              00000006
EEIF                              00000004
F                                 00000001
FLG1                              0000000F
FLG2                              00000010
FSR                               00000004
GIE                               00000007
INDF                              00000000
INTCON                            0000000B
INTE                              00000004
INTEDG                            00000006
INTF                              00000001
IRP                               00000007
LOOP                              00000020
MAIN                              00000013
NOT_PD                            00000003
NOT_RBPU                          00000007
NOT_TO                            00000004
OPTION_REG                        00000081
PCL                               00000002
PCLATH                            0000000A
PORTA                             00000005
PORTB                             00000006
PS0                               00000000
PS1                               00000001
PS2                               00000002
PSA                               00000003
RA0                               00000000
RA1                               00000001
RA2                               00000002
RA3                               00000003
RA4                               00000004
RB0                               00000000
RB1                               00000001
RB2                               00000002
RB3                               00000003
RB4                               00000004
RB5                               00000005
RB6                               00000006
RB7                               00000007
RBIE                              00000003
RBIF                              00000000
RD                                00000000
RP0                               00000005
RP1                               00000006
STATUS                            00000003
STATUS_TEMP                       0000000D
MPASM  5.51                         6_2_1.ASM   6-27-2018  9:16:01         PAGE  5


SYMBOL TABLE
  LABEL                             VALUE 

T0CS                              00000005
T0IE                              00000005
T0IF                              00000002
T0SE                              00000004
TMP                               0000000E
TMR0                              00000001
TMR0IE                            00000005
TMR0IF                            00000002
TRISA                             00000085
TRISA0                            00000000
TRISA1                            00000001
TRISA2                            00000002
TRISA3                            00000003
TRISA4                            00000004
TRISB                             00000086
TRISB0                            00000000
TRISB1                            00000001
TRISB2                            00000002
TRISB3                            00000003
TRISB4                            00000004
TRISB5                            00000005
TRISB6                            00000006
TRISB7                            00000007
W                                 00000000
WR                                00000001
WREN                              00000002
WRERR                             00000003
W_TEMP                            0000000C
Z                                 00000002
_CONFIG                           00002007
_CP_OFF                           00003FFF
_CP_ON                            0000000F
_DEVID1                           00002006
_FOSC_EXTRC                       00003FFF
_FOSC_HS                          00003FFE
_FOSC_LP                          00003FFC
_FOSC_XT                          00003FFD
_HS_OSC                           00003FFE
_IDLOC0                           00002000
_IDLOC1                           00002001
_IDLOC2                           00002002
_IDLOC3                           00002003
_LP_OSC                           00003FFC
_PWRTE_OFF                        00003FFF
_PWRTE_ON                         00003FF7
_RC_OSC                           00003FFF
_WDTE_OFF                         00003FFB
_WDTE_ON                          00003FFF
_WDT_OFF                          00003FFB
_WDT_ON                           00003FFF
_XT_OSC                           00003FFD
__16F84A                          00000001
MPASM  5.51                         6_2_1.ASM   6-27-2018  9:16:01         PAGE  6


MEMORY USAGE MAP ('X' = Used,  '-' = Unused)


0000 : X---XXXXXXXXXXXX XXXXXXXXXXXXXXXX XXXXXXXXXXX----- ----------------
2000 : -------X-------- ---------------- ---------------- ----------------

All other memory blocks unused.

Program Memory Words Used:    40
Program Memory Words Free:   984


Errors   :     0
Warnings :    44 reported,     0 suppressed
Messages :     2 reported,     0 suppressed

